<?xml version="1.0" encoding="UTF-8"?>
<coverage generated="1685250872491" clover="3.2.0">
  <project timestamp="1685250872491" name="All files">
    <metrics statements="265" coveredstatements="265" conditionals="140" coveredconditionals="140" methods="2" coveredmethods="2" elements="407" coveredelements="407" complexity="0" loc="265" ncloc="265" packages="1" files="1" classes="1"/>
    <file name="countFrequencies.js" path="/home/quangtran/Documents/web-dev/key-frequency/src/countFrequencies.js">
      <metrics statements="265" coveredstatements="265" conditionals="140" coveredconditionals="140" methods="2" coveredmethods="2"/>
      <line num="7" count="1" type="stmt"/>
      <line num="8" count="7" type="stmt"/>
      <line num="11" count="7" type="stmt"/>
      <line num="12" count="168" type="cond" truecount="2" falsecount="0"/>
      <line num="13" count="39" type="stmt"/>
      <line num="15" count="129" type="stmt"/>
      <line num="19" count="7" type="stmt"/>
      <line num="20" count="168" type="cond" truecount="122" falsecount="0"/>
      <line num="24" count="1" type="stmt"/>
      <line num="25" count="1" type="stmt"/>
      <line num="26" count="1" type="stmt"/>
      <line num="28" count="1" type="stmt"/>
      <line num="29" count="1" type="stmt"/>
      <line num="30" count="1" type="stmt"/>
      <line num="32" count="1" type="stmt"/>
      <line num="33" count="1" type="stmt"/>
      <line num="34" count="1" type="stmt"/>
      <line num="36" count="1" type="stmt"/>
      <line num="37" count="1" type="stmt"/>
      <line num="38" count="1" type="stmt"/>
      <line num="40" count="1" type="stmt"/>
      <line num="41" count="1" type="stmt"/>
      <line num="42" count="1" type="stmt"/>
      <line num="44" count="1" type="stmt"/>
      <line num="45" count="1" type="stmt"/>
      <line num="46" count="1" type="stmt"/>
      <line num="48" count="1" type="stmt"/>
      <line num="49" count="1" type="stmt"/>
      <line num="50" count="1" type="stmt"/>
      <line num="52" count="1" type="stmt"/>
      <line num="53" count="1" type="stmt"/>
      <line num="54" count="1" type="stmt"/>
      <line num="56" count="1" type="stmt"/>
      <line num="57" count="1" type="stmt"/>
      <line num="58" count="1" type="stmt"/>
      <line num="60" count="1" type="stmt"/>
      <line num="61" count="1" type="stmt"/>
      <line num="62" count="1" type="stmt"/>
      <line num="64" count="1" type="stmt"/>
      <line num="65" count="1" type="stmt"/>
      <line num="66" count="1" type="stmt"/>
      <line num="68" count="1" type="stmt"/>
      <line num="69" count="1" type="stmt"/>
      <line num="70" count="1" type="stmt"/>
      <line num="72" count="1" type="stmt"/>
      <line num="73" count="1" type="stmt"/>
      <line num="74" count="1" type="stmt"/>
      <line num="76" count="1" type="stmt"/>
      <line num="77" count="1" type="stmt"/>
      <line num="78" count="1" type="stmt"/>
      <line num="80" count="1" type="stmt"/>
      <line num="81" count="1" type="stmt"/>
      <line num="82" count="1" type="stmt"/>
      <line num="87" count="1" type="stmt"/>
      <line num="88" count="1" type="stmt"/>
      <line num="89" count="1" type="stmt"/>
      <line num="91" count="1" type="stmt"/>
      <line num="92" count="1" type="stmt"/>
      <line num="93" count="1" type="stmt"/>
      <line num="95" count="1" type="stmt"/>
      <line num="96" count="1" type="stmt"/>
      <line num="97" count="1" type="stmt"/>
      <line num="99" count="1" type="stmt"/>
      <line num="100" count="1" type="stmt"/>
      <line num="101" count="1" type="stmt"/>
      <line num="103" count="3" type="stmt"/>
      <line num="104" count="3" type="stmt"/>
      <line num="105" count="3" type="stmt"/>
      <line num="107" count="2" type="stmt"/>
      <line num="108" count="2" type="stmt"/>
      <line num="109" count="2" type="stmt"/>
      <line num="111" count="1" type="stmt"/>
      <line num="112" count="1" type="stmt"/>
      <line num="113" count="1" type="stmt"/>
      <line num="115" count="1" type="stmt"/>
      <line num="116" count="1" type="stmt"/>
      <line num="117" count="1" type="stmt"/>
      <line num="119" count="1" type="stmt"/>
      <line num="120" count="1" type="stmt"/>
      <line num="121" count="1" type="stmt"/>
      <line num="123" count="1" type="stmt"/>
      <line num="124" count="1" type="stmt"/>
      <line num="125" count="1" type="stmt"/>
      <line num="127" count="1" type="stmt"/>
      <line num="128" count="1" type="stmt"/>
      <line num="129" count="1" type="stmt"/>
      <line num="134" count="6" type="cond" truecount="2" falsecount="0"/>
      <line num="135" count="3" type="stmt"/>
      <line num="137" count="3" type="stmt"/>
      <line num="139" count="6" type="stmt"/>
      <line num="141" count="6" type="cond" truecount="2" falsecount="0"/>
      <line num="142" count="3" type="stmt"/>
      <line num="144" count="3" type="stmt"/>
      <line num="146" count="6" type="stmt"/>
      <line num="148" count="6" type="cond" truecount="2" falsecount="0"/>
      <line num="149" count="3" type="stmt"/>
      <line num="151" count="3" type="stmt"/>
      <line num="153" count="6" type="stmt"/>
      <line num="155" count="6" type="cond" truecount="2" falsecount="0"/>
      <line num="156" count="3" type="stmt"/>
      <line num="158" count="3" type="stmt"/>
      <line num="160" count="6" type="stmt"/>
      <line num="162" count="6" type="cond" truecount="2" falsecount="0"/>
      <line num="163" count="3" type="stmt"/>
      <line num="165" count="3" type="stmt"/>
      <line num="167" count="6" type="stmt"/>
      <line num="169" count="6" type="cond" truecount="2" falsecount="0"/>
      <line num="170" count="3" type="stmt"/>
      <line num="172" count="3" type="stmt"/>
      <line num="174" count="6" type="stmt"/>
      <line num="176" count="6" type="cond" truecount="2" falsecount="0"/>
      <line num="177" count="3" type="stmt"/>
      <line num="179" count="3" type="stmt"/>
      <line num="181" count="6" type="stmt"/>
      <line num="183" count="6" type="cond" truecount="2" falsecount="0"/>
      <line num="184" count="3" type="stmt"/>
      <line num="186" count="3" type="stmt"/>
      <line num="188" count="6" type="stmt"/>
      <line num="190" count="1" type="stmt"/>
      <line num="191" count="1" type="stmt"/>
      <line num="196" count="1" type="stmt"/>
      <line num="197" count="1" type="stmt"/>
      <line num="198" count="1" type="stmt"/>
      <line num="200" count="1" type="stmt"/>
      <line num="201" count="1" type="stmt"/>
      <line num="202" count="1" type="stmt"/>
      <line num="204" count="1" type="stmt"/>
      <line num="205" count="1" type="stmt"/>
      <line num="206" count="1" type="stmt"/>
      <line num="208" count="1" type="stmt"/>
      <line num="209" count="1" type="stmt"/>
      <line num="210" count="1" type="stmt"/>
      <line num="212" count="1" type="stmt"/>
      <line num="213" count="1" type="stmt"/>
      <line num="214" count="1" type="stmt"/>
      <line num="216" count="1" type="stmt"/>
      <line num="217" count="1" type="stmt"/>
      <line num="218" count="1" type="stmt"/>
      <line num="220" count="1" type="stmt"/>
      <line num="221" count="1" type="stmt"/>
      <line num="222" count="1" type="stmt"/>
      <line num="224" count="1" type="stmt"/>
      <line num="225" count="1" type="stmt"/>
      <line num="226" count="1" type="stmt"/>
      <line num="229" count="1" type="stmt"/>
      <line num="231" count="2" type="stmt"/>
      <line num="232" count="2" type="stmt"/>
      <line num="235" count="1" type="stmt"/>
      <line num="237" count="2" type="stmt"/>
      <line num="238" count="2" type="stmt"/>
      <line num="241" count="1" type="stmt"/>
      <line num="243" count="2" type="stmt"/>
      <line num="244" count="2" type="stmt"/>
      <line num="247" count="1" type="stmt"/>
      <line num="249" count="2" type="stmt"/>
      <line num="250" count="2" type="stmt"/>
      <line num="253" count="1" type="stmt"/>
      <line num="255" count="2" type="stmt"/>
      <line num="256" count="2" type="stmt"/>
      <line num="259" count="1" type="stmt"/>
      <line num="261" count="2" type="stmt"/>
      <line num="262" count="2" type="stmt"/>
      <line num="265" count="1" type="stmt"/>
      <line num="267" count="2" type="stmt"/>
      <line num="268" count="2" type="stmt"/>
      <line num="271" count="1" type="stmt"/>
      <line num="273" count="2" type="stmt"/>
      <line num="274" count="2" type="stmt"/>
      <line num="277" count="1" type="stmt"/>
      <line num="279" count="2" type="stmt"/>
      <line num="280" count="2" type="stmt"/>
      <line num="283" count="1" type="stmt"/>
      <line num="285" count="2" type="stmt"/>
      <line num="286" count="2" type="stmt"/>
      <line num="289" count="1" type="stmt"/>
      <line num="291" count="2" type="stmt"/>
      <line num="292" count="2" type="stmt"/>
      <line num="295" count="1" type="stmt"/>
      <line num="297" count="2" type="stmt"/>
      <line num="298" count="2" type="stmt"/>
      <line num="301" count="1" type="stmt"/>
      <line num="303" count="2" type="stmt"/>
      <line num="304" count="2" type="stmt"/>
      <line num="307" count="1" type="stmt"/>
      <line num="309" count="2" type="stmt"/>
      <line num="310" count="2" type="stmt"/>
      <line num="313" count="1" type="stmt"/>
      <line num="315" count="2" type="stmt"/>
      <line num="316" count="2" type="stmt"/>
      <line num="319" count="1" type="stmt"/>
      <line num="321" count="2" type="stmt"/>
      <line num="322" count="2" type="stmt"/>
      <line num="325" count="1" type="stmt"/>
      <line num="327" count="2" type="stmt"/>
      <line num="328" count="2" type="stmt"/>
      <line num="331" count="1" type="stmt"/>
      <line num="333" count="2" type="stmt"/>
      <line num="334" count="2" type="stmt"/>
      <line num="339" count="4" type="stmt"/>
      <line num="340" count="4" type="stmt"/>
      <line num="341" count="4" type="stmt"/>
      <line num="344" count="2" type="stmt"/>
      <line num="345" count="2" type="stmt"/>
      <line num="346" count="2" type="stmt"/>
      <line num="349" count="2" type="stmt"/>
      <line num="350" count="2" type="stmt"/>
      <line num="351" count="2" type="stmt"/>
      <line num="354" count="2" type="stmt"/>
      <line num="355" count="2" type="stmt"/>
      <line num="356" count="2" type="stmt"/>
      <line num="359" count="2" type="stmt"/>
      <line num="360" count="2" type="stmt"/>
      <line num="361" count="2" type="stmt"/>
      <line num="364" count="2" type="stmt"/>
      <line num="365" count="2" type="stmt"/>
      <line num="366" count="2" type="stmt"/>
      <line num="369" count="2" type="stmt"/>
      <line num="370" count="2" type="stmt"/>
      <line num="371" count="2" type="stmt"/>
      <line num="374" count="2" type="stmt"/>
      <line num="375" count="2" type="stmt"/>
      <line num="376" count="2" type="stmt"/>
      <line num="379" count="2" type="stmt"/>
      <line num="380" count="2" type="stmt"/>
      <line num="381" count="2" type="stmt"/>
      <line num="384" count="2" type="stmt"/>
      <line num="385" count="2" type="stmt"/>
      <line num="386" count="2" type="stmt"/>
      <line num="389" count="2" type="stmt"/>
      <line num="390" count="2" type="stmt"/>
      <line num="391" count="2" type="stmt"/>
      <line num="394" count="2" type="stmt"/>
      <line num="395" count="2" type="stmt"/>
      <line num="396" count="2" type="stmt"/>
      <line num="399" count="2" type="stmt"/>
      <line num="400" count="2" type="stmt"/>
      <line num="401" count="2" type="stmt"/>
      <line num="404" count="2" type="stmt"/>
      <line num="405" count="2" type="stmt"/>
      <line num="406" count="2" type="stmt"/>
      <line num="409" count="2" type="stmt"/>
      <line num="410" count="2" type="stmt"/>
      <line num="411" count="2" type="stmt"/>
      <line num="414" count="2" type="stmt"/>
      <line num="415" count="2" type="stmt"/>
      <line num="416" count="2" type="stmt"/>
      <line num="419" count="2" type="stmt"/>
      <line num="420" count="2" type="stmt"/>
      <line num="421" count="2" type="stmt"/>
      <line num="424" count="2" type="stmt"/>
      <line num="425" count="2" type="stmt"/>
      <line num="426" count="2" type="stmt"/>
      <line num="429" count="2" type="stmt"/>
      <line num="430" count="2" type="stmt"/>
      <line num="431" count="2" type="stmt"/>
      <line num="434" count="2" type="stmt"/>
      <line num="435" count="2" type="stmt"/>
      <line num="436" count="2" type="stmt"/>
      <line num="439" count="2" type="stmt"/>
      <line num="440" count="2" type="stmt"/>
      <line num="441" count="2" type="stmt"/>
      <line num="444" count="2" type="stmt"/>
      <line num="445" count="2" type="stmt"/>
      <line num="446" count="2" type="stmt"/>
      <line num="451" count="7" type="stmt"/>
    </file>
  </project>
</coverage>
