{"/home/quangtran/Documents/web-dev/key-frequency/src/countFrequencies.js": {"path":"/home/quangtran/Documents/web-dev/key-frequency/src/countFrequencies.js","statementMap":{"0":{"start":{"line":7,"column":32},"end":{"line":452,"column":1}},"1":{"start":{"line":8,"column":21},"end":{"line":8,"column":26}},"2":{"start":{"line":11,"column":16},"end":{"line":17,"column":3}},"3":{"start":{"line":12,"column":4},"end":{"line":16,"column":5}},"4":{"start":{"line":13,"column":6},"end":{"line":13,"column":24}},"5":{"start":{"line":15,"column":6},"end":{"line":15,"column":27}},"6":{"start":{"line":19,"column":2},"end":{"line":449,"column":3}},"7":{"start":{"line":20,"column":4},"end":{"line":448,"column":5}},"8":{"start":{"line":24,"column":8},"end":{"line":24,"column":21}},"9":{"start":{"line":25,"column":8},"end":{"line":25,"column":29}},"10":{"start":{"line":26,"column":8},"end":{"line":26,"column":14}},"11":{"start":{"line":28,"column":8},"end":{"line":28,"column":20}},"12":{"start":{"line":29,"column":8},"end":{"line":29,"column":29}},"13":{"start":{"line":30,"column":8},"end":{"line":30,"column":14}},"14":{"start":{"line":32,"column":8},"end":{"line":32,"column":20}},"15":{"start":{"line":33,"column":8},"end":{"line":33,"column":29}},"16":{"start":{"line":34,"column":8},"end":{"line":34,"column":14}},"17":{"start":{"line":36,"column":8},"end":{"line":36,"column":20}},"18":{"start":{"line":37,"column":8},"end":{"line":37,"column":29}},"19":{"start":{"line":38,"column":8},"end":{"line":38,"column":14}},"20":{"start":{"line":40,"column":8},"end":{"line":40,"column":20}},"21":{"start":{"line":41,"column":8},"end":{"line":41,"column":29}},"22":{"start":{"line":42,"column":8},"end":{"line":42,"column":14}},"23":{"start":{"line":44,"column":8},"end":{"line":44,"column":20}},"24":{"start":{"line":45,"column":8},"end":{"line":45,"column":29}},"25":{"start":{"line":46,"column":8},"end":{"line":46,"column":14}},"26":{"start":{"line":48,"column":8},"end":{"line":48,"column":20}},"27":{"start":{"line":49,"column":8},"end":{"line":49,"column":29}},"28":{"start":{"line":50,"column":8},"end":{"line":50,"column":14}},"29":{"start":{"line":52,"column":8},"end":{"line":52,"column":20}},"30":{"start":{"line":53,"column":8},"end":{"line":53,"column":29}},"31":{"start":{"line":54,"column":8},"end":{"line":54,"column":14}},"32":{"start":{"line":56,"column":8},"end":{"line":56,"column":20}},"33":{"start":{"line":57,"column":8},"end":{"line":57,"column":29}},"34":{"start":{"line":58,"column":8},"end":{"line":58,"column":14}},"35":{"start":{"line":60,"column":8},"end":{"line":60,"column":20}},"36":{"start":{"line":61,"column":8},"end":{"line":61,"column":29}},"37":{"start":{"line":62,"column":8},"end":{"line":62,"column":14}},"38":{"start":{"line":64,"column":8},"end":{"line":64,"column":21}},"39":{"start":{"line":65,"column":8},"end":{"line":65,"column":29}},"40":{"start":{"line":66,"column":8},"end":{"line":66,"column":14}},"41":{"start":{"line":68,"column":8},"end":{"line":68,"column":21}},"42":{"start":{"line":69,"column":8},"end":{"line":69,"column":29}},"43":{"start":{"line":70,"column":8},"end":{"line":70,"column":14}},"44":{"start":{"line":72,"column":8},"end":{"line":72,"column":21}},"45":{"start":{"line":73,"column":8},"end":{"line":73,"column":29}},"46":{"start":{"line":74,"column":8},"end":{"line":74,"column":14}},"47":{"start":{"line":76,"column":8},"end":{"line":76,"column":24}},"48":{"start":{"line":77,"column":8},"end":{"line":77,"column":29}},"49":{"start":{"line":78,"column":8},"end":{"line":78,"column":14}},"50":{"start":{"line":80,"column":8},"end":{"line":80,"column":23}},"51":{"start":{"line":81,"column":8},"end":{"line":81,"column":29}},"52":{"start":{"line":82,"column":8},"end":{"line":82,"column":14}},"53":{"start":{"line":87,"column":8},"end":{"line":87,"column":24}},"54":{"start":{"line":88,"column":8},"end":{"line":88,"column":29}},"55":{"start":{"line":89,"column":8},"end":{"line":89,"column":14}},"56":{"start":{"line":91,"column":8},"end":{"line":91,"column":21}},"57":{"start":{"line":92,"column":8},"end":{"line":92,"column":29}},"58":{"start":{"line":93,"column":8},"end":{"line":93,"column":14}},"59":{"start":{"line":95,"column":8},"end":{"line":95,"column":22}},"60":{"start":{"line":96,"column":8},"end":{"line":96,"column":29}},"61":{"start":{"line":97,"column":8},"end":{"line":97,"column":14}},"62":{"start":{"line":99,"column":8},"end":{"line":99,"column":23}},"63":{"start":{"line":100,"column":8},"end":{"line":100,"column":29}},"64":{"start":{"line":101,"column":8},"end":{"line":101,"column":14}},"65":{"start":{"line":103,"column":8},"end":{"line":103,"column":24}},"66":{"start":{"line":104,"column":8},"end":{"line":104,"column":28}},"67":{"start":{"line":105,"column":8},"end":{"line":105,"column":14}},"68":{"start":{"line":107,"column":8},"end":{"line":107,"column":24}},"69":{"start":{"line":108,"column":8},"end":{"line":108,"column":28}},"70":{"start":{"line":109,"column":8},"end":{"line":109,"column":14}},"71":{"start":{"line":111,"column":8},"end":{"line":111,"column":23}},"72":{"start":{"line":112,"column":8},"end":{"line":112,"column":29}},"73":{"start":{"line":113,"column":8},"end":{"line":113,"column":14}},"74":{"start":{"line":115,"column":8},"end":{"line":115,"column":22}},"75":{"start":{"line":116,"column":8},"end":{"line":116,"column":29}},"76":{"start":{"line":117,"column":8},"end":{"line":117,"column":14}},"77":{"start":{"line":119,"column":8},"end":{"line":119,"column":23}},"78":{"start":{"line":120,"column":8},"end":{"line":120,"column":29}},"79":{"start":{"line":121,"column":8},"end":{"line":121,"column":14}},"80":{"start":{"line":123,"column":8},"end":{"line":123,"column":22}},"81":{"start":{"line":124,"column":8},"end":{"line":124,"column":29}},"82":{"start":{"line":125,"column":8},"end":{"line":125,"column":14}},"83":{"start":{"line":127,"column":8},"end":{"line":127,"column":22}},"84":{"start":{"line":128,"column":8},"end":{"line":128,"column":29}},"85":{"start":{"line":129,"column":8},"end":{"line":129,"column":14}},"86":{"start":{"line":134,"column":8},"end":{"line":138,"column":9}},"87":{"start":{"line":135,"column":10},"end":{"line":135,"column":21}},"88":{"start":{"line":137,"column":10},"end":{"line":137,"column":24}},"89":{"start":{"line":139,"column":8},"end":{"line":139,"column":14}},"90":{"start":{"line":141,"column":8},"end":{"line":145,"column":9}},"91":{"start":{"line":142,"column":10},"end":{"line":142,"column":21}},"92":{"start":{"line":144,"column":10},"end":{"line":144,"column":22}},"93":{"start":{"line":146,"column":8},"end":{"line":146,"column":14}},"94":{"start":{"line":148,"column":8},"end":{"line":152,"column":9}},"95":{"start":{"line":149,"column":10},"end":{"line":149,"column":21}},"96":{"start":{"line":151,"column":10},"end":{"line":151,"column":25}},"97":{"start":{"line":153,"column":8},"end":{"line":153,"column":14}},"98":{"start":{"line":155,"column":8},"end":{"line":159,"column":9}},"99":{"start":{"line":156,"column":10},"end":{"line":156,"column":21}},"100":{"start":{"line":158,"column":10},"end":{"line":158,"column":24}},"101":{"start":{"line":160,"column":8},"end":{"line":160,"column":14}},"102":{"start":{"line":162,"column":8},"end":{"line":166,"column":9}},"103":{"start":{"line":163,"column":10},"end":{"line":163,"column":21}},"104":{"start":{"line":165,"column":10},"end":{"line":165,"column":24}},"105":{"start":{"line":167,"column":8},"end":{"line":167,"column":14}},"106":{"start":{"line":169,"column":8},"end":{"line":173,"column":9}},"107":{"start":{"line":170,"column":10},"end":{"line":170,"column":21}},"108":{"start":{"line":172,"column":10},"end":{"line":172,"column":24}},"109":{"start":{"line":174,"column":8},"end":{"line":174,"column":14}},"110":{"start":{"line":176,"column":8},"end":{"line":180,"column":9}},"111":{"start":{"line":177,"column":10},"end":{"line":177,"column":21}},"112":{"start":{"line":179,"column":10},"end":{"line":179,"column":23}},"113":{"start":{"line":181,"column":8},"end":{"line":181,"column":14}},"114":{"start":{"line":183,"column":8},"end":{"line":187,"column":9}},"115":{"start":{"line":184,"column":10},"end":{"line":184,"column":21}},"116":{"start":{"line":186,"column":10},"end":{"line":186,"column":24}},"117":{"start":{"line":188,"column":8},"end":{"line":188,"column":14}},"118":{"start":{"line":190,"column":8},"end":{"line":190,"column":24}},"119":{"start":{"line":191,"column":8},"end":{"line":191,"column":14}},"120":{"start":{"line":196,"column":8},"end":{"line":196,"column":19}},"121":{"start":{"line":197,"column":8},"end":{"line":197,"column":29}},"122":{"start":{"line":198,"column":8},"end":{"line":198,"column":14}},"123":{"start":{"line":200,"column":8},"end":{"line":200,"column":19}},"124":{"start":{"line":201,"column":8},"end":{"line":201,"column":29}},"125":{"start":{"line":202,"column":8},"end":{"line":202,"column":14}},"126":{"start":{"line":204,"column":8},"end":{"line":204,"column":19}},"127":{"start":{"line":205,"column":8},"end":{"line":205,"column":29}},"128":{"start":{"line":206,"column":8},"end":{"line":206,"column":14}},"129":{"start":{"line":208,"column":8},"end":{"line":208,"column":19}},"130":{"start":{"line":209,"column":8},"end":{"line":209,"column":29}},"131":{"start":{"line":210,"column":8},"end":{"line":210,"column":14}},"132":{"start":{"line":212,"column":8},"end":{"line":212,"column":19}},"133":{"start":{"line":213,"column":8},"end":{"line":213,"column":29}},"134":{"start":{"line":214,"column":8},"end":{"line":214,"column":14}},"135":{"start":{"line":216,"column":8},"end":{"line":216,"column":19}},"136":{"start":{"line":217,"column":8},"end":{"line":217,"column":29}},"137":{"start":{"line":218,"column":8},"end":{"line":218,"column":14}},"138":{"start":{"line":220,"column":8},"end":{"line":220,"column":19}},"139":{"start":{"line":221,"column":8},"end":{"line":221,"column":29}},"140":{"start":{"line":222,"column":8},"end":{"line":222,"column":14}},"141":{"start":{"line":224,"column":8},"end":{"line":224,"column":19}},"142":{"start":{"line":225,"column":8},"end":{"line":225,"column":29}},"143":{"start":{"line":226,"column":8},"end":{"line":226,"column":14}},"144":{"start":{"line":229,"column":8},"end":{"line":229,"column":29}},"145":{"start":{"line":231,"column":8},"end":{"line":231,"column":19}},"146":{"start":{"line":232,"column":8},"end":{"line":232,"column":14}},"147":{"start":{"line":235,"column":8},"end":{"line":235,"column":29}},"148":{"start":{"line":237,"column":8},"end":{"line":237,"column":19}},"149":{"start":{"line":238,"column":8},"end":{"line":238,"column":14}},"150":{"start":{"line":241,"column":8},"end":{"line":241,"column":29}},"151":{"start":{"line":243,"column":8},"end":{"line":243,"column":19}},"152":{"start":{"line":244,"column":8},"end":{"line":244,"column":14}},"153":{"start":{"line":247,"column":8},"end":{"line":247,"column":29}},"154":{"start":{"line":249,"column":8},"end":{"line":249,"column":19}},"155":{"start":{"line":250,"column":8},"end":{"line":250,"column":14}},"156":{"start":{"line":253,"column":8},"end":{"line":253,"column":29}},"157":{"start":{"line":255,"column":8},"end":{"line":255,"column":19}},"158":{"start":{"line":256,"column":8},"end":{"line":256,"column":14}},"159":{"start":{"line":259,"column":8},"end":{"line":259,"column":29}},"160":{"start":{"line":261,"column":8},"end":{"line":261,"column":19}},"161":{"start":{"line":262,"column":8},"end":{"line":262,"column":14}},"162":{"start":{"line":265,"column":8},"end":{"line":265,"column":29}},"163":{"start":{"line":267,"column":8},"end":{"line":267,"column":19}},"164":{"start":{"line":268,"column":8},"end":{"line":268,"column":14}},"165":{"start":{"line":271,"column":8},"end":{"line":271,"column":29}},"166":{"start":{"line":273,"column":8},"end":{"line":273,"column":19}},"167":{"start":{"line":274,"column":8},"end":{"line":274,"column":14}},"168":{"start":{"line":277,"column":8},"end":{"line":277,"column":29}},"169":{"start":{"line":279,"column":8},"end":{"line":279,"column":19}},"170":{"start":{"line":280,"column":8},"end":{"line":280,"column":14}},"171":{"start":{"line":283,"column":8},"end":{"line":283,"column":29}},"172":{"start":{"line":285,"column":8},"end":{"line":285,"column":19}},"173":{"start":{"line":286,"column":8},"end":{"line":286,"column":14}},"174":{"start":{"line":289,"column":8},"end":{"line":289,"column":29}},"175":{"start":{"line":291,"column":8},"end":{"line":291,"column":19}},"176":{"start":{"line":292,"column":8},"end":{"line":292,"column":14}},"177":{"start":{"line":295,"column":8},"end":{"line":295,"column":29}},"178":{"start":{"line":297,"column":8},"end":{"line":297,"column":19}},"179":{"start":{"line":298,"column":8},"end":{"line":298,"column":14}},"180":{"start":{"line":301,"column":8},"end":{"line":301,"column":29}},"181":{"start":{"line":303,"column":8},"end":{"line":303,"column":19}},"182":{"start":{"line":304,"column":8},"end":{"line":304,"column":14}},"183":{"start":{"line":307,"column":8},"end":{"line":307,"column":29}},"184":{"start":{"line":309,"column":8},"end":{"line":309,"column":19}},"185":{"start":{"line":310,"column":8},"end":{"line":310,"column":14}},"186":{"start":{"line":313,"column":8},"end":{"line":313,"column":29}},"187":{"start":{"line":315,"column":8},"end":{"line":315,"column":19}},"188":{"start":{"line":316,"column":8},"end":{"line":316,"column":14}},"189":{"start":{"line":319,"column":8},"end":{"line":319,"column":29}},"190":{"start":{"line":321,"column":8},"end":{"line":321,"column":19}},"191":{"start":{"line":322,"column":8},"end":{"line":322,"column":14}},"192":{"start":{"line":325,"column":8},"end":{"line":325,"column":29}},"193":{"start":{"line":327,"column":8},"end":{"line":327,"column":19}},"194":{"start":{"line":328,"column":8},"end":{"line":328,"column":14}},"195":{"start":{"line":331,"column":8},"end":{"line":331,"column":29}},"196":{"start":{"line":333,"column":8},"end":{"line":333,"column":19}},"197":{"start":{"line":334,"column":8},"end":{"line":334,"column":14}},"198":{"start":{"line":339,"column":8},"end":{"line":339,"column":23}},"199":{"start":{"line":340,"column":8},"end":{"line":340,"column":29}},"200":{"start":{"line":341,"column":8},"end":{"line":341,"column":14}},"201":{"start":{"line":344,"column":8},"end":{"line":344,"column":29}},"202":{"start":{"line":345,"column":8},"end":{"line":345,"column":19}},"203":{"start":{"line":346,"column":8},"end":{"line":346,"column":14}},"204":{"start":{"line":349,"column":8},"end":{"line":349,"column":29}},"205":{"start":{"line":350,"column":8},"end":{"line":350,"column":19}},"206":{"start":{"line":351,"column":8},"end":{"line":351,"column":14}},"207":{"start":{"line":354,"column":8},"end":{"line":354,"column":29}},"208":{"start":{"line":355,"column":8},"end":{"line":355,"column":19}},"209":{"start":{"line":356,"column":8},"end":{"line":356,"column":14}},"210":{"start":{"line":359,"column":8},"end":{"line":359,"column":29}},"211":{"start":{"line":360,"column":8},"end":{"line":360,"column":19}},"212":{"start":{"line":361,"column":8},"end":{"line":361,"column":14}},"213":{"start":{"line":364,"column":8},"end":{"line":364,"column":29}},"214":{"start":{"line":365,"column":8},"end":{"line":365,"column":19}},"215":{"start":{"line":366,"column":8},"end":{"line":366,"column":14}},"216":{"start":{"line":369,"column":8},"end":{"line":369,"column":29}},"217":{"start":{"line":370,"column":8},"end":{"line":370,"column":19}},"218":{"start":{"line":371,"column":8},"end":{"line":371,"column":14}},"219":{"start":{"line":374,"column":8},"end":{"line":374,"column":29}},"220":{"start":{"line":375,"column":8},"end":{"line":375,"column":19}},"221":{"start":{"line":376,"column":8},"end":{"line":376,"column":14}},"222":{"start":{"line":379,"column":8},"end":{"line":379,"column":29}},"223":{"start":{"line":380,"column":8},"end":{"line":380,"column":19}},"224":{"start":{"line":381,"column":8},"end":{"line":381,"column":14}},"225":{"start":{"line":384,"column":8},"end":{"line":384,"column":29}},"226":{"start":{"line":385,"column":8},"end":{"line":385,"column":19}},"227":{"start":{"line":386,"column":8},"end":{"line":386,"column":14}},"228":{"start":{"line":389,"column":8},"end":{"line":389,"column":29}},"229":{"start":{"line":390,"column":8},"end":{"line":390,"column":19}},"230":{"start":{"line":391,"column":8},"end":{"line":391,"column":14}},"231":{"start":{"line":394,"column":8},"end":{"line":394,"column":29}},"232":{"start":{"line":395,"column":8},"end":{"line":395,"column":19}},"233":{"start":{"line":396,"column":8},"end":{"line":396,"column":14}},"234":{"start":{"line":399,"column":8},"end":{"line":399,"column":29}},"235":{"start":{"line":400,"column":8},"end":{"line":400,"column":19}},"236":{"start":{"line":401,"column":8},"end":{"line":401,"column":14}},"237":{"start":{"line":404,"column":8},"end":{"line":404,"column":29}},"238":{"start":{"line":405,"column":8},"end":{"line":405,"column":19}},"239":{"start":{"line":406,"column":8},"end":{"line":406,"column":14}},"240":{"start":{"line":409,"column":8},"end":{"line":409,"column":29}},"241":{"start":{"line":410,"column":8},"end":{"line":410,"column":19}},"242":{"start":{"line":411,"column":8},"end":{"line":411,"column":14}},"243":{"start":{"line":414,"column":8},"end":{"line":414,"column":29}},"244":{"start":{"line":415,"column":8},"end":{"line":415,"column":19}},"245":{"start":{"line":416,"column":8},"end":{"line":416,"column":14}},"246":{"start":{"line":419,"column":8},"end":{"line":419,"column":29}},"247":{"start":{"line":420,"column":8},"end":{"line":420,"column":20}},"248":{"start":{"line":421,"column":8},"end":{"line":421,"column":14}},"249":{"start":{"line":424,"column":8},"end":{"line":424,"column":29}},"250":{"start":{"line":425,"column":8},"end":{"line":425,"column":19}},"251":{"start":{"line":426,"column":8},"end":{"line":426,"column":14}},"252":{"start":{"line":429,"column":8},"end":{"line":429,"column":29}},"253":{"start":{"line":430,"column":8},"end":{"line":430,"column":19}},"254":{"start":{"line":431,"column":8},"end":{"line":431,"column":14}},"255":{"start":{"line":434,"column":8},"end":{"line":434,"column":29}},"256":{"start":{"line":435,"column":8},"end":{"line":435,"column":19}},"257":{"start":{"line":436,"column":8},"end":{"line":436,"column":14}},"258":{"start":{"line":439,"column":8},"end":{"line":439,"column":29}},"259":{"start":{"line":440,"column":8},"end":{"line":440,"column":19}},"260":{"start":{"line":441,"column":8},"end":{"line":441,"column":14}},"261":{"start":{"line":444,"column":8},"end":{"line":444,"column":29}},"262":{"start":{"line":445,"column":8},"end":{"line":445,"column":19}},"263":{"start":{"line":446,"column":8},"end":{"line":446,"column":14}},"264":{"start":{"line":451,"column":2},"end":{"line":451,"column":21}}},"fnMap":{"0":{"name":"(anonymous_0)","decl":{"start":{"line":7,"column":32},"end":{"line":7,"column":33}},"loc":{"start":{"line":7,"column":55},"end":{"line":452,"column":1}},"line":7},"1":{"name":"(anonymous_1)","decl":{"start":{"line":11,"column":16},"end":{"line":11,"column":17}},"loc":{"start":{"line":11,"column":25},"end":{"line":17,"column":3}},"line":11}},"branchMap":{"0":{"loc":{"start":{"line":12,"column":4},"end":{"line":16,"column":5}},"type":"if","locations":[{"start":{"line":12,"column":4},"end":{"line":16,"column":5}},{"start":{"line":14,"column":11},"end":{"line":16,"column":5}}],"line":12},"1":{"loc":{"start":{"line":20,"column":4},"end":{"line":448,"column":5}},"type":"switch","locations":[{"start":{"line":23,"column":6},"end":{"line":26,"column":14}},{"start":{"line":27,"column":6},"end":{"line":30,"column":14}},{"start":{"line":31,"column":6},"end":{"line":34,"column":14}},{"start":{"line":35,"column":6},"end":{"line":38,"column":14}},{"start":{"line":39,"column":6},"end":{"line":42,"column":14}},{"start":{"line":43,"column":6},"end":{"line":46,"column":14}},{"start":{"line":47,"column":6},"end":{"line":50,"column":14}},{"start":{"line":51,"column":6},"end":{"line":54,"column":14}},{"start":{"line":55,"column":6},"end":{"line":58,"column":14}},{"start":{"line":59,"column":6},"end":{"line":62,"column":14}},{"start":{"line":63,"column":6},"end":{"line":66,"column":14}},{"start":{"line":67,"column":6},"end":{"line":70,"column":14}},{"start":{"line":71,"column":6},"end":{"line":74,"column":14}},{"start":{"line":75,"column":6},"end":{"line":78,"column":14}},{"start":{"line":79,"column":6},"end":{"line":82,"column":14}},{"start":{"line":86,"column":6},"end":{"line":89,"column":14}},{"start":{"line":90,"column":6},"end":{"line":93,"column":14}},{"start":{"line":94,"column":6},"end":{"line":97,"column":14}},{"start":{"line":98,"column":6},"end":{"line":101,"column":14}},{"start":{"line":102,"column":6},"end":{"line":105,"column":14}},{"start":{"line":106,"column":6},"end":{"line":109,"column":14}},{"start":{"line":110,"column":6},"end":{"line":113,"column":14}},{"start":{"line":114,"column":6},"end":{"line":117,"column":14}},{"start":{"line":118,"column":6},"end":{"line":121,"column":14}},{"start":{"line":122,"column":6},"end":{"line":125,"column":14}},{"start":{"line":126,"column":6},"end":{"line":129,"column":14}},{"start":{"line":133,"column":6},"end":{"line":139,"column":14}},{"start":{"line":140,"column":6},"end":{"line":146,"column":14}},{"start":{"line":147,"column":6},"end":{"line":153,"column":14}},{"start":{"line":154,"column":6},"end":{"line":160,"column":14}},{"start":{"line":161,"column":6},"end":{"line":167,"column":14}},{"start":{"line":168,"column":6},"end":{"line":174,"column":14}},{"start":{"line":175,"column":6},"end":{"line":181,"column":14}},{"start":{"line":182,"column":6},"end":{"line":188,"column":14}},{"start":{"line":189,"column":6},"end":{"line":191,"column":14}},{"start":{"line":195,"column":6},"end":{"line":198,"column":14}},{"start":{"line":199,"column":6},"end":{"line":202,"column":14}},{"start":{"line":203,"column":6},"end":{"line":206,"column":14}},{"start":{"line":207,"column":6},"end":{"line":210,"column":14}},{"start":{"line":211,"column":6},"end":{"line":214,"column":14}},{"start":{"line":215,"column":6},"end":{"line":218,"column":14}},{"start":{"line":219,"column":6},"end":{"line":222,"column":14}},{"start":{"line":223,"column":6},"end":{"line":226,"column":14}},{"start":{"line":228,"column":6},"end":{"line":229,"column":29}},{"start":{"line":230,"column":6},"end":{"line":232,"column":14}},{"start":{"line":234,"column":6},"end":{"line":235,"column":29}},{"start":{"line":236,"column":6},"end":{"line":238,"column":14}},{"start":{"line":240,"column":6},"end":{"line":241,"column":29}},{"start":{"line":242,"column":6},"end":{"line":244,"column":14}},{"start":{"line":246,"column":6},"end":{"line":247,"column":29}},{"start":{"line":248,"column":6},"end":{"line":250,"column":14}},{"start":{"line":252,"column":6},"end":{"line":253,"column":29}},{"start":{"line":254,"column":6},"end":{"line":256,"column":14}},{"start":{"line":258,"column":6},"end":{"line":259,"column":29}},{"start":{"line":260,"column":6},"end":{"line":262,"column":14}},{"start":{"line":264,"column":6},"end":{"line":265,"column":29}},{"start":{"line":266,"column":6},"end":{"line":268,"column":14}},{"start":{"line":270,"column":6},"end":{"line":271,"column":29}},{"start":{"line":272,"column":6},"end":{"line":274,"column":14}},{"start":{"line":276,"column":6},"end":{"line":277,"column":29}},{"start":{"line":278,"column":6},"end":{"line":280,"column":14}},{"start":{"line":282,"column":6},"end":{"line":283,"column":29}},{"start":{"line":284,"column":6},"end":{"line":286,"column":14}},{"start":{"line":288,"column":6},"end":{"line":289,"column":29}},{"start":{"line":290,"column":6},"end":{"line":292,"column":14}},{"start":{"line":294,"column":6},"end":{"line":295,"column":29}},{"start":{"line":296,"column":6},"end":{"line":298,"column":14}},{"start":{"line":300,"column":6},"end":{"line":301,"column":29}},{"start":{"line":302,"column":6},"end":{"line":304,"column":14}},{"start":{"line":306,"column":6},"end":{"line":307,"column":29}},{"start":{"line":308,"column":6},"end":{"line":310,"column":14}},{"start":{"line":312,"column":6},"end":{"line":313,"column":29}},{"start":{"line":314,"column":6},"end":{"line":316,"column":14}},{"start":{"line":318,"column":6},"end":{"line":319,"column":29}},{"start":{"line":320,"column":6},"end":{"line":322,"column":14}},{"start":{"line":324,"column":6},"end":{"line":325,"column":29}},{"start":{"line":326,"column":6},"end":{"line":328,"column":14}},{"start":{"line":330,"column":6},"end":{"line":331,"column":29}},{"start":{"line":332,"column":6},"end":{"line":334,"column":14}},{"start":{"line":338,"column":6},"end":{"line":341,"column":14}},{"start":{"line":342,"column":6},"end":{"line":342,"column":15}},{"start":{"line":343,"column":6},"end":{"line":346,"column":14}},{"start":{"line":347,"column":6},"end":{"line":347,"column":15}},{"start":{"line":348,"column":6},"end":{"line":351,"column":14}},{"start":{"line":352,"column":6},"end":{"line":352,"column":15}},{"start":{"line":353,"column":6},"end":{"line":356,"column":14}},{"start":{"line":357,"column":6},"end":{"line":357,"column":15}},{"start":{"line":358,"column":6},"end":{"line":361,"column":14}},{"start":{"line":362,"column":6},"end":{"line":362,"column":15}},{"start":{"line":363,"column":6},"end":{"line":366,"column":14}},{"start":{"line":367,"column":6},"end":{"line":367,"column":15}},{"start":{"line":368,"column":6},"end":{"line":371,"column":14}},{"start":{"line":372,"column":6},"end":{"line":372,"column":15}},{"start":{"line":373,"column":6},"end":{"line":376,"column":14}},{"start":{"line":377,"column":6},"end":{"line":377,"column":15}},{"start":{"line":378,"column":6},"end":{"line":381,"column":14}},{"start":{"line":382,"column":6},"end":{"line":382,"column":15}},{"start":{"line":383,"column":6},"end":{"line":386,"column":14}},{"start":{"line":387,"column":6},"end":{"line":387,"column":15}},{"start":{"line":388,"column":6},"end":{"line":391,"column":14}},{"start":{"line":392,"column":6},"end":{"line":392,"column":15}},{"start":{"line":393,"column":6},"end":{"line":396,"column":14}},{"start":{"line":397,"column":6},"end":{"line":397,"column":15}},{"start":{"line":398,"column":6},"end":{"line":401,"column":14}},{"start":{"line":402,"column":6},"end":{"line":402,"column":15}},{"start":{"line":403,"column":6},"end":{"line":406,"column":14}},{"start":{"line":407,"column":6},"end":{"line":407,"column":15}},{"start":{"line":408,"column":6},"end":{"line":411,"column":14}},{"start":{"line":412,"column":6},"end":{"line":412,"column":15}},{"start":{"line":413,"column":6},"end":{"line":416,"column":14}},{"start":{"line":417,"column":6},"end":{"line":417,"column":16}},{"start":{"line":418,"column":6},"end":{"line":421,"column":14}},{"start":{"line":422,"column":6},"end":{"line":422,"column":15}},{"start":{"line":423,"column":6},"end":{"line":426,"column":14}},{"start":{"line":427,"column":6},"end":{"line":427,"column":15}},{"start":{"line":428,"column":6},"end":{"line":431,"column":14}},{"start":{"line":432,"column":6},"end":{"line":432,"column":15}},{"start":{"line":433,"column":6},"end":{"line":436,"column":14}},{"start":{"line":437,"column":6},"end":{"line":437,"column":15}},{"start":{"line":438,"column":6},"end":{"line":441,"column":14}},{"start":{"line":442,"column":6},"end":{"line":442,"column":15}},{"start":{"line":443,"column":6},"end":{"line":446,"column":14}}],"line":20},"2":{"loc":{"start":{"line":134,"column":8},"end":{"line":138,"column":9}},"type":"if","locations":[{"start":{"line":134,"column":8},"end":{"line":138,"column":9}},{"start":{"line":136,"column":15},"end":{"line":138,"column":9}}],"line":134},"3":{"loc":{"start":{"line":141,"column":8},"end":{"line":145,"column":9}},"type":"if","locations":[{"start":{"line":141,"column":8},"end":{"line":145,"column":9}},{"start":{"line":143,"column":15},"end":{"line":145,"column":9}}],"line":141},"4":{"loc":{"start":{"line":148,"column":8},"end":{"line":152,"column":9}},"type":"if","locations":[{"start":{"line":148,"column":8},"end":{"line":152,"column":9}},{"start":{"line":150,"column":15},"end":{"line":152,"column":9}}],"line":148},"5":{"loc":{"start":{"line":155,"column":8},"end":{"line":159,"column":9}},"type":"if","locations":[{"start":{"line":155,"column":8},"end":{"line":159,"column":9}},{"start":{"line":157,"column":15},"end":{"line":159,"column":9}}],"line":155},"6":{"loc":{"start":{"line":162,"column":8},"end":{"line":166,"column":9}},"type":"if","locations":[{"start":{"line":162,"column":8},"end":{"line":166,"column":9}},{"start":{"line":164,"column":15},"end":{"line":166,"column":9}}],"line":162},"7":{"loc":{"start":{"line":169,"column":8},"end":{"line":173,"column":9}},"type":"if","locations":[{"start":{"line":169,"column":8},"end":{"line":173,"column":9}},{"start":{"line":171,"column":15},"end":{"line":173,"column":9}}],"line":169},"8":{"loc":{"start":{"line":176,"column":8},"end":{"line":180,"column":9}},"type":"if","locations":[{"start":{"line":176,"column":8},"end":{"line":180,"column":9}},{"start":{"line":178,"column":15},"end":{"line":180,"column":9}}],"line":176},"9":{"loc":{"start":{"line":183,"column":8},"end":{"line":187,"column":9}},"type":"if","locations":[{"start":{"line":183,"column":8},"end":{"line":187,"column":9}},{"start":{"line":185,"column":15},"end":{"line":187,"column":9}}],"line":183}},"s":{"0":1,"1":7,"2":7,"3":168,"4":39,"5":129,"6":7,"7":168,"8":1,"9":1,"10":1,"11":1,"12":1,"13":1,"14":1,"15":1,"16":1,"17":1,"18":1,"19":1,"20":1,"21":1,"22":1,"23":1,"24":1,"25":1,"26":1,"27":1,"28":1,"29":1,"30":1,"31":1,"32":1,"33":1,"34":1,"35":1,"36":1,"37":1,"38":1,"39":1,"40":1,"41":1,"42":1,"43":1,"44":1,"45":1,"46":1,"47":1,"48":1,"49":1,"50":1,"51":1,"52":1,"53":1,"54":1,"55":1,"56":1,"57":1,"58":1,"59":1,"60":1,"61":1,"62":1,"63":1,"64":1,"65":3,"66":3,"67":3,"68":2,"69":2,"70":2,"71":1,"72":1,"73":1,"74":1,"75":1,"76":1,"77":1,"78":1,"79":1,"80":1,"81":1,"82":1,"83":1,"84":1,"85":1,"86":6,"87":3,"88":3,"89":6,"90":6,"91":3,"92":3,"93":6,"94":6,"95":3,"96":3,"97":6,"98":6,"99":3,"100":3,"101":6,"102":6,"103":3,"104":3,"105":6,"106":6,"107":3,"108":3,"109":6,"110":6,"111":3,"112":3,"113":6,"114":6,"115":3,"116":3,"117":6,"118":1,"119":1,"120":1,"121":1,"122":1,"123":1,"124":1,"125":1,"126":1,"127":1,"128":1,"129":1,"130":1,"131":1,"132":1,"133":1,"134":1,"135":1,"136":1,"137":1,"138":1,"139":1,"140":1,"141":1,"142":1,"143":1,"144":1,"145":2,"146":2,"147":1,"148":2,"149":2,"150":1,"151":2,"152":2,"153":1,"154":2,"155":2,"156":1,"157":2,"158":2,"159":1,"160":2,"161":2,"162":1,"163":2,"164":2,"165":1,"166":2,"167":2,"168":1,"169":2,"170":2,"171":1,"172":2,"173":2,"174":1,"175":2,"176":2,"177":1,"178":2,"179":2,"180":1,"181":2,"182":2,"183":1,"184":2,"185":2,"186":1,"187":2,"188":2,"189":1,"190":2,"191":2,"192":1,"193":2,"194":2,"195":1,"196":2,"197":2,"198":4,"199":4,"200":4,"201":2,"202":2,"203":2,"204":2,"205":2,"206":2,"207":2,"208":2,"209":2,"210":2,"211":2,"212":2,"213":2,"214":2,"215":2,"216":2,"217":2,"218":2,"219":2,"220":2,"221":2,"222":2,"223":2,"224":2,"225":2,"226":2,"227":2,"228":2,"229":2,"230":2,"231":2,"232":2,"233":2,"234":2,"235":2,"236":2,"237":2,"238":2,"239":2,"240":2,"241":2,"242":2,"243":2,"244":2,"245":2,"246":2,"247":2,"248":2,"249":2,"250":2,"251":2,"252":2,"253":2,"254":2,"255":2,"256":2,"257":2,"258":2,"259":2,"260":2,"261":2,"262":2,"263":2,"264":7},"f":{"0":7,"1":168},"b":{"0":[39,129],"1":[1,1,1,1,1,1,1,1,1,1,1,1,1,1,1,1,1,1,1,3,2,1,1,1,1,1,6,6,6,6,6,6,6,6,1,1,1,1,1,1,1,1,1,1,2,1,2,1,2,1,2,1,2,1,2,1,2,1,2,1,2,1,2,1,2,1,2,1,2,1,2,1,2,1,2,1,2,1,2,4,1,2,1,2,1,2,1,2,1,2,1,2,1,2,1,2,1,2,1,2,1,2,1,2,1,2,1,2,1,2,1,2,1,2,1,2,1,2,1,2,1,2],"2":[3,3],"3":[3,3],"4":[3,3],"5":[3,3],"6":[3,3],"7":[3,3],"8":[3,3],"9":[3,3]},"inputSourceMap":null,"_coverageSchema":"1a1c01bbd47fc00a2c39e90264f33305004495a9","hash":"a25c21b200ddd4e59336aba987ac85e4be9fe605"}
}
