TN:
SF:src/countFrequencies.js
FN:7,(anonymous_0)
FN:11,(anonymous_1)
FNF:2
FNH:2
FNDA:7,(anonymous_0)
FNDA:168,(anonymous_1)
DA:7,1
DA:8,7
DA:11,7
DA:12,168
DA:13,39
DA:15,129
DA:19,7
DA:20,168
DA:24,1
DA:25,1
DA:26,1
DA:28,1
DA:29,1
DA:30,1
DA:32,1
DA:33,1
DA:34,1
DA:36,1
DA:37,1
DA:38,1
DA:40,1
DA:41,1
DA:42,1
DA:44,1
DA:45,1
DA:46,1
DA:48,1
DA:49,1
DA:50,1
DA:52,1
DA:53,1
DA:54,1
DA:56,1
DA:57,1
DA:58,1
DA:60,1
DA:61,1
DA:62,1
DA:64,1
DA:65,1
DA:66,1
DA:68,1
DA:69,1
DA:70,1
DA:72,1
DA:73,1
DA:74,1
DA:76,1
DA:77,1
DA:78,1
DA:80,1
DA:81,1
DA:82,1
DA:87,1
DA:88,1
DA:89,1
DA:91,1
DA:92,1
DA:93,1
DA:95,1
DA:96,1
DA:97,1
DA:99,1
DA:100,1
DA:101,1
DA:103,3
DA:104,3
DA:105,3
DA:107,2
DA:108,2
DA:109,2
DA:111,1
DA:112,1
DA:113,1
DA:115,1
DA:116,1
DA:117,1
DA:119,1
DA:120,1
DA:121,1
DA:123,1
DA:124,1
DA:125,1
DA:127,1
DA:128,1
DA:129,1
DA:134,6
DA:135,3
DA:137,3
DA:139,6
DA:141,6
DA:142,3
DA:144,3
DA:146,6
DA:148,6
DA:149,3
DA:151,3
DA:153,6
DA:155,6
DA:156,3
DA:158,3
DA:160,6
DA:162,6
DA:163,3
DA:165,3
DA:167,6
DA:169,6
DA:170,3
DA:172,3
DA:174,6
DA:176,6
DA:177,3
DA:179,3
DA:181,6
DA:183,6
DA:184,3
DA:186,3
DA:188,6
DA:190,1
DA:191,1
DA:196,1
DA:197,1
DA:198,1
DA:200,1
DA:201,1
DA:202,1
DA:204,1
DA:205,1
DA:206,1
DA:208,1
DA:209,1
DA:210,1
DA:212,1
DA:213,1
DA:214,1
DA:216,1
DA:217,1
DA:218,1
DA:220,1
DA:221,1
DA:222,1
DA:224,1
DA:225,1
DA:226,1
DA:229,1
DA:231,2
DA:232,2
DA:235,1
DA:237,2
DA:238,2
DA:241,1
DA:243,2
DA:244,2
DA:247,1
DA:249,2
DA:250,2
DA:253,1
DA:255,2
DA:256,2
DA:259,1
DA:261,2
DA:262,2
DA:265,1
DA:267,2
DA:268,2
DA:271,1
DA:273,2
DA:274,2
DA:277,1
DA:279,2
DA:280,2
DA:283,1
DA:285,2
DA:286,2
DA:289,1
DA:291,2
DA:292,2
DA:295,1
DA:297,2
DA:298,2
DA:301,1
DA:303,2
DA:304,2
DA:307,1
DA:309,2
DA:310,2
DA:313,1
DA:315,2
DA:316,2
DA:319,1
DA:321,2
DA:322,2
DA:325,1
DA:327,2
DA:328,2
DA:331,1
DA:333,2
DA:334,2
DA:339,4
DA:340,4
DA:341,4
DA:344,2
DA:345,2
DA:346,2
DA:349,2
DA:350,2
DA:351,2
DA:354,2
DA:355,2
DA:356,2
DA:359,2
DA:360,2
DA:361,2
DA:364,2
DA:365,2
DA:366,2
DA:369,2
DA:370,2
DA:371,2
DA:374,2
DA:375,2
DA:376,2
DA:379,2
DA:380,2
DA:381,2
DA:384,2
DA:385,2
DA:386,2
DA:389,2
DA:390,2
DA:391,2
DA:394,2
DA:395,2
DA:396,2
DA:399,2
DA:400,2
DA:401,2
DA:404,2
DA:405,2
DA:406,2
DA:409,2
DA:410,2
DA:411,2
DA:414,2
DA:415,2
DA:416,2
DA:419,2
DA:420,2
DA:421,2
DA:424,2
DA:425,2
DA:426,2
DA:429,2
DA:430,2
DA:431,2
DA:434,2
DA:435,2
DA:436,2
DA:439,2
DA:440,2
DA:441,2
DA:444,2
DA:445,2
DA:446,2
DA:451,7
LF:265
LH:265
BRDA:12,0,0,39
BRDA:12,0,1,129
BRDA:20,1,0,1
BRDA:20,1,1,1
BRDA:20,1,2,1
BRDA:20,1,3,1
BRDA:20,1,4,1
BRDA:20,1,5,1
BRDA:20,1,6,1
BRDA:20,1,7,1
BRDA:20,1,8,1
BRDA:20,1,9,1
BRDA:20,1,10,1
BRDA:20,1,11,1
BRDA:20,1,12,1
BRDA:20,1,13,1
BRDA:20,1,14,1
BRDA:20,1,15,1
BRDA:20,1,16,1
BRDA:20,1,17,1
BRDA:20,1,18,1
BRDA:20,1,19,3
BRDA:20,1,20,2
BRDA:20,1,21,1
BRDA:20,1,22,1
BRDA:20,1,23,1
BRDA:20,1,24,1
BRDA:20,1,25,1
BRDA:20,1,26,6
BRDA:20,1,27,6
BRDA:20,1,28,6
BRDA:20,1,29,6
BRDA:20,1,30,6
BRDA:20,1,31,6
BRDA:20,1,32,6
BRDA:20,1,33,6
BRDA:20,1,34,1
BRDA:20,1,35,1
BRDA:20,1,36,1
BRDA:20,1,37,1
BRDA:20,1,38,1
BRDA:20,1,39,1
BRDA:20,1,40,1
BRDA:20,1,41,1
BRDA:20,1,42,1
BRDA:20,1,43,1
BRDA:20,1,44,2
BRDA:20,1,45,1
BRDA:20,1,46,2
BRDA:20,1,47,1
BRDA:20,1,48,2
BRDA:20,1,49,1
BRDA:20,1,50,2
BRDA:20,1,51,1
BRDA:20,1,52,2
BRDA:20,1,53,1
BRDA:20,1,54,2
BRDA:20,1,55,1
BRDA:20,1,56,2
BRDA:20,1,57,1
BRDA:20,1,58,2
BRDA:20,1,59,1
BRDA:20,1,60,2
BRDA:20,1,61,1
BRDA:20,1,62,2
BRDA:20,1,63,1
BRDA:20,1,64,2
BRDA:20,1,65,1
BRDA:20,1,66,2
BRDA:20,1,67,1
BRDA:20,1,68,2
BRDA:20,1,69,1
BRDA:20,1,70,2
BRDA:20,1,71,1
BRDA:20,1,72,2
BRDA:20,1,73,1
BRDA:20,1,74,2
BRDA:20,1,75,1
BRDA:20,1,76,2
BRDA:20,1,77,1
BRDA:20,1,78,2
BRDA:20,1,79,4
BRDA:20,1,80,1
BRDA:20,1,81,2
BRDA:20,1,82,1
BRDA:20,1,83,2
BRDA:20,1,84,1
BRDA:20,1,85,2
BRDA:20,1,86,1
BRDA:20,1,87,2
BRDA:20,1,88,1
BRDA:20,1,89,2
BRDA:20,1,90,1
BRDA:20,1,91,2
BRDA:20,1,92,1
BRDA:20,1,93,2
BRDA:20,1,94,1
BRDA:20,1,95,2
BRDA:20,1,96,1
BRDA:20,1,97,2
BRDA:20,1,98,1
BRDA:20,1,99,2
BRDA:20,1,100,1
BRDA:20,1,101,2
BRDA:20,1,102,1
BRDA:20,1,103,2
BRDA:20,1,104,1
BRDA:20,1,105,2
BRDA:20,1,106,1
BRDA:20,1,107,2
BRDA:20,1,108,1
BRDA:20,1,109,2
BRDA:20,1,110,1
BRDA:20,1,111,2
BRDA:20,1,112,1
BRDA:20,1,113,2
BRDA:20,1,114,1
BRDA:20,1,115,2
BRDA:20,1,116,1
BRDA:20,1,117,2
BRDA:20,1,118,1
BRDA:20,1,119,2
BRDA:20,1,120,1
BRDA:20,1,121,2
BRDA:134,2,0,3
BRDA:134,2,1,3
BRDA:141,3,0,3
BRDA:141,3,1,3
BRDA:148,4,0,3
BRDA:148,4,1,3
BRDA:155,5,0,3
BRDA:155,5,1,3
BRDA:162,6,0,3
BRDA:162,6,1,3
BRDA:169,7,0,3
BRDA:169,7,1,3
BRDA:176,8,0,3
BRDA:176,8,1,3
BRDA:183,9,0,3
BRDA:183,9,1,3
BRF:140
BRH:140
end_of_record
